<?xml version="1.0" encoding="UTF-8"?>
<testng-results ignored="0" total="1" passed="1" failed="0" skipped="0">
  <reporter-output>
  </reporter-output>
  <suite started-at="2023-12-13T14:11:41 IST" name="Suite" finished-at="2023-12-13T14:11:50 IST" duration-ms="9403">
    <groups>
    </groups>
    <test started-at="2023-12-13T14:11:41 IST" name="Test" finished-at="2023-12-13T14:11:50 IST" duration-ms="9403">
      <class name="org.facebook.Facebook">
        <test-method signature="testMethod()[pri:0, instance:org.facebook.Facebook@6fe7aac8]" started-at="2023-12-13T14:11:41 IST" name="testMethod" finished-at="2023-12-13T14:11:50 IST" duration-ms="9323" status="PASS">
          <reporter-output>
          </reporter-output>
        </test-method> <!-- testMethod -->
      </class> <!-- org.facebook.Facebook -->
    </test> <!-- Test -->
  </suite> <!-- Suite -->
</testng-results>
