<?xml version="1.0" encoding="UTF-8"?>
<testng-results ignored="0" total="1" passed="1" failed="0" skipped="0">
  <reporter-output>
  </reporter-output>
  <suite started-at="2023-12-13T13:07:38 IST" name="Suite" finished-at="2023-12-13T13:08:01 IST" duration-ms="22936">
    <groups>
    </groups>
    <test started-at="2023-12-13T13:07:38 IST" name="Test" finished-at="2023-12-13T13:08:01 IST" duration-ms="22936">
      <class name="org.facebook.Facebook">
        <test-method signature="testMethod()[pri:0, instance:org.facebook.Facebook@bae7dc0]" started-at="2023-12-13T13:07:38 IST" name="testMethod" finished-at="2023-12-13T13:08:01 IST" duration-ms="22836" status="PASS">
          <reporter-output>
          </reporter-output>
        </test-method> <!-- testMethod -->
      </class> <!-- org.facebook.Facebook -->
    </test> <!-- Test -->
  </suite> <!-- Suite -->
</testng-results>
